<?xml version="1.0" encoding="UTF-8"?>
<testng-results ignored="0" total="1" passed="1" failed="0" skipped="0">
  <reporter-output>
  </reporter-output>
  <suite started-at="2024-08-24T17:43:37 IST" name="Default suite" finished-at="2024-08-24T17:43:38 IST" duration-ms="96">
    <groups>
    </groups>
    <test started-at="2024-08-24T17:43:37 IST" name="Default test" finished-at="2024-08-24T17:43:38 IST" duration-ms="96">
      <class name="Day1.LoginTestCase">
        <test-method signature="loginTest()[pri:0, instance:Day1.LoginTestCase@49139829]" started-at="2024-08-24T17:43:38 IST" name="loginTest" finished-at="2024-08-24T17:43:38 IST" duration-ms="20" status="PASS">
          <reporter-output>
          </reporter-output>
        </test-method> <!-- loginTest -->
      </class> <!-- Day1.LoginTestCase -->
    </test> <!-- Default test -->
  </suite> <!-- Default suite -->
</testng-results>
