<?xml version="1.0" encoding="UTF-8"?>
<testng-results ignored="0" total="1" passed="1" failed="0" skipped="0">
  <reporter-output>
  </reporter-output>
  <suite started-at="2024-08-27T10:22:35 IST" name="Default suite" finished-at="2024-08-27T10:22:42 IST" duration-ms="6856">
    <groups>
    </groups>
    <test started-at="2024-08-27T10:22:35 IST" name="Default test" finished-at="2024-08-27T10:22:42 IST" duration-ms="6856">
      <class name="SauceDemo.TestCase">
        <test-method signature="LoginDemo()[pri:0, instance:SauceDemo.TestCase@7b2bbc3]" started-at="2024-08-27T10:22:35 IST" name="LoginDemo" finished-at="2024-08-27T10:22:42 IST" duration-ms="6766" status="PASS">
          <reporter-output>
          </reporter-output>
        </test-method> <!-- LoginDemo -->
      </class> <!-- SauceDemo.TestCase -->
    </test> <!-- Default test -->
  </suite> <!-- Default suite -->
</testng-results>
